<?xml version="1.0" encoding="UTF-8"?>
<!-- Generated by org.testng.reporters.JUnitReportReporter -->
<testsuite hostname="LAPTOP-B6SBKV98" failures="0" tests="1" name="testNGClass_Package.NeoStox_ValidateUserName" time="10.689" errors="0" timestamp="2023-02-04T15:11:41 IST" skipped="0">
  <testcase classname="testNGClass_Package.NeoStox_ValidateUserName" name="validateUserName" time="10.689"/>
  <system-out>
    <![CDATA[Scrolling into view at [[ChromeDriver: chrome on WINDOWS (1ccc837958399d496dd10c333ab515de)] -> xpath: (//a[@id='navbarDropdown']//span)[3]]...
Wait for 1000ms...
take screenshot of Juber Khan...
getting actual user name...
Read data from properties file...
TC is passed, Actual and expected user name is matched...]]>
  </system-out>
</testsuite> <!-- testNGClass_Package.NeoStox_ValidateUserName -->
